Replace Part C6 GRM1885C1H4R3CA01D in \\engin-labs.m.storage.umich.edu\yatirajr\windat.v2\Desktop\Altium Designer\InductiveSensor\InductiveSensor_LDC1612\Microcontroller_STM32F04.SchDoc with GRM1885C1H4R3CA01D from Schlib1.SchLib
Replace Part C7 GRM1885C1H4R3CA01D in \\engin-labs.m.storage.umich.edu\yatirajr\windat.v2\Desktop\Altium Designer\InductiveSensor\InductiveSensor_LDC1612\Microcontroller_STM32F04.SchDoc with GRM1885C1H4R3CA01D from Schlib1.SchLib
Replace Part C8 CC0805KRX7R9BB104 in \\engin-labs.m.storage.umich.edu\yatirajr\windat.v2\Desktop\Altium Designer\InductiveSensor\InductiveSensor_LDC1612\Microcontroller_STM32F04.SchDoc with CC0805KRX7R9BB104 from Schlib1.SchLib
Replace Part C9 CC0805KRX7R9BB104 in \\engin-labs.m.storage.umich.edu\yatirajr\windat.v2\Desktop\Altium Designer\InductiveSensor\InductiveSensor_LDC1612\Microcontroller_STM32F04.SchDoc with CC0805KRX7R9BB104 from Schlib1.SchLib
Replace Part CR1 VLMG1300-GS08 in \\engin-labs.m.storage.umich.edu\yatirajr\windat.v2\Desktop\Altium Designer\InductiveSensor\InductiveSensor_LDC1612\Microcontroller_STM32F04.SchDoc with VLMG1300-GS08 from Schlib1.SchLib
Replace Part CR2 VLMS1300-GS08 in \\engin-labs.m.storage.umich.edu\yatirajr\windat.v2\Desktop\Altium Designer\InductiveSensor\InductiveSensor_LDC1612\Microcontroller_STM32F04.SchDoc with VLMS1300-GS08 from Schlib1.SchLib
Replace Part J1 TSM-103-01-T-SV-P-TR in \\engin-labs.m.storage.umich.edu\yatirajr\windat.v2\Desktop\Altium Designer\InductiveSensor\InductiveSensor_LDC1612\Microcontroller_STM32F04.SchDoc with TSM-103-01-T-SV-P-TR from Schlib1.SchLib
Replace Part R3 RC0603JR-13330RL in \\engin-labs.m.storage.umich.edu\yatirajr\windat.v2\Desktop\Altium Designer\InductiveSensor\InductiveSensor_LDC1612\Microcontroller_STM32F04.SchDoc with RC0603JR-13330RL from Schlib1.SchLib
Replace Part R4 RC0603JR-13330RL in \\engin-labs.m.storage.umich.edu\yatirajr\windat.v2\Desktop\Altium Designer\InductiveSensor\InductiveSensor_LDC1612\Microcontroller_STM32F04.SchDoc with RC0603JR-13330RL from Schlib1.SchLib
Replace Part TP12 TestPoint_1mm in \\engin-labs.m.storage.umich.edu\yatirajr\windat.v2\Desktop\Altium Designer\InductiveSensor\InductiveSensor_LDC1612\Microcontroller_STM32F04.SchDoc with TestPoint_1mm from Schlib1.SchLib
Replace Part TP13 TestPoint_1mm in \\engin-labs.m.storage.umich.edu\yatirajr\windat.v2\Desktop\Altium Designer\InductiveSensor\InductiveSensor_LDC1612\Microcontroller_STM32F04.SchDoc with TestPoint_1mm from Schlib1.SchLib
Replace Part TP14 TestPoint_1mm in \\engin-labs.m.storage.umich.edu\yatirajr\windat.v2\Desktop\Altium Designer\InductiveSensor\InductiveSensor_LDC1612\Microcontroller_STM32F04.SchDoc with TestPoint_1mm from Schlib1.SchLib
Replace Part TP15 TestPoint_1mm in \\engin-labs.m.storage.umich.edu\yatirajr\windat.v2\Desktop\Altium Designer\InductiveSensor\InductiveSensor_LDC1612\Microcontroller_STM32F04.SchDoc with TestPoint_1mm from Schlib1.SchLib
Replace Part TP16 TestPoint_1mm in \\engin-labs.m.storage.umich.edu\yatirajr\windat.v2\Desktop\Altium Designer\InductiveSensor\InductiveSensor_LDC1612\Microcontroller_STM32F04.SchDoc with TestPoint_1mm from Schlib1.SchLib
Replace Part TP17 TestPoint_1mm in \\engin-labs.m.storage.umich.edu\yatirajr\windat.v2\Desktop\Altium Designer\InductiveSensor\InductiveSensor_LDC1612\Microcontroller_STM32F04.SchDoc with TestPoint_1mm from Schlib1.SchLib
Replace Part TP18 TestPoint_1mm in \\engin-labs.m.storage.umich.edu\yatirajr\windat.v2\Desktop\Altium Designer\InductiveSensor\InductiveSensor_LDC1612\Microcontroller_STM32F04.SchDoc with TestPoint_1mm from Schlib1.SchLib
Replace Part TP19 TestPoint_1mm in \\engin-labs.m.storage.umich.edu\yatirajr\windat.v2\Desktop\Altium Designer\InductiveSensor\InductiveSensor_LDC1612\Microcontroller_STM32F04.SchDoc with TestPoint_1mm from Schlib1.SchLib
Replace Part U2 STM32F042K6T7 in \\engin-labs.m.storage.umich.edu\yatirajr\windat.v2\Desktop\Altium Designer\InductiveSensor\InductiveSensor_LDC1612\Microcontroller_STM32F04.SchDoc with STM32F042K6T7 from Schlib1.SchLib
Replace Part U2 STM32F042K6T7 in \\engin-labs.m.storage.umich.edu\yatirajr\windat.v2\Desktop\Altium Designer\InductiveSensor\InductiveSensor_LDC1612\Microcontroller_STM32F04.SchDoc with STM32F042K6T7 from Schlib1.SchLib
Replace Part XTAL1 NX3215SA-32.768KHZ-EXS00A-MU00525 in \\engin-labs.m.storage.umich.edu\yatirajr\windat.v2\Desktop\Altium Designer\InductiveSensor\InductiveSensor_LDC1612\Microcontroller_STM32F04.SchDoc with NX3215SA-32.768KHZ-EXS00A-MU00525 from Schlib1.SchLib
